
::1 - - [19/May/2020:14:00:33 +0000] "POST /users HTTP/1.1" 200 26 "-" "PostmanRuntime/7.24.1"
::1 - - [19/May/2020:14:00:39 +0000] "POST /users/login HTTP/1.1" 200 142 "-" "PostmanRuntime/7.24.1"
::1 - - [19/May/2020:14:00:57 +0000] "POST /books HTTP/1.1" 200 41 "-" "PostmanRuntime/7.24.1"
::1 - - [19/May/2020:14:01:19 +0000] "POST /books HTTP/1.1" 200 33 "-" "PostmanRuntime/7.24.1"
::1 - - [19/May/2020:14:01:24 +0000] "GET / HTTP/1.1" 200 210 "-" "PostmanRuntime/7.24.1"
::1 - - [19/May/2020:14:01:36 +0000] "GET /books/67890 HTTP/1.1" 200 40 "-" "PostmanRuntime/7.24.1"
::1 - - [19/May/2020:15:03:27 +0000] "POST /users HTTP/1.1" 200 26 "-" "PostmanRuntime/7.24.1"
::1 - - [19/May/2020:15:03:34 +0000] "POST /users/login HTTP/1.1" 200 142 "-" "PostmanRuntime/7.24.1"
::1 - - [19/May/2020:15:03:52 +0000] "POST /books HTTP/1.1" 200 33 "-" "PostmanRuntime/7.24.1"
::1 - - [19/May/2020:15:04:09 +0000] "POST /books HTTP/1.1" 200 41 "-" "PostmanRuntime/7.24.1"
::1 - - [19/May/2020:15:04:20 +0000] "POST /books HTTP/1.1" 200 33 "-" "PostmanRuntime/7.24.1"
::1 - - [19/May/2020:15:04:27 +0000] "GET / HTTP/1.1" 200 286 "-" "PostmanRuntime/7.24.1"
::1 - - [19/May/2020:15:04:35 +0000] "GET /books/67890 HTTP/1.1" 501 30 "-" "PostmanRuntime/7.24.1"
::1 - - [19/May/2020:15:04:39 +0000] "GET /books/67890 HTTP/1.1" 501 30 "-" "PostmanRuntime/7.24.1"
::1 - - [19/May/2020:15:04:53 +0000] "GET /books/12345 HTTP/1.1" 501 30 "-" "PostmanRuntime/7.24.1"
::1 - - [19/May/2020:15:05:02 +0000] "GET /books/24680 HTTP/1.1" 200 36 "-" "PostmanRuntime/7.24.1"
::1 - - [19/May/2020:15:05:17 +0000] "GET /books/12345 HTTP/1.1" 501 30 "-" "PostmanRuntime/7.24.1"
::1 - - [19/May/2020:15:05:29 +0000] "GET /books/67890 HTTP/1.1" 501 30 "-" "PostmanRuntime/7.24.1"
::1 - - [19/May/2020:15:07:24 +0000] "POST /users HTTP/1.1" 200 26 "-" "PostmanRuntime/7.24.1"
::1 - - [19/May/2020:15:07:29 +0000] "POST /users/login HTTP/1.1" 200 142 "-" "PostmanRuntime/7.24.1"
::1 - - [19/May/2020:15:07:51 +0000] "POST /books HTTP/1.1" 200 33 "-" "PostmanRuntime/7.24.1"
::1 - - [19/May/2020:15:08:08 +0000] "POST /books HTTP/1.1" 200 41 "-" "PostmanRuntime/7.24.1"
::1 - - [19/May/2020:15:08:19 +0000] "POST /books HTTP/1.1" 200 33 "-" "PostmanRuntime/7.24.1"
::1 - - [19/May/2020:15:08:26 +0000] "GET / HTTP/1.1" 200 286 "-" "PostmanRuntime/7.24.1"
::1 - - [19/May/2020:15:08:31 +0000] "GET /books/67890 HTTP/1.1" 200 36 "-" "PostmanRuntime/7.24.1"
::1 - - [19/May/2020:15:08:40 +0000] "GET /books/12345 HTTP/1.1" 200 44 "-" "PostmanRuntime/7.24.1"
::1 - - [19/May/2020:15:08:49 +0000] "GET /books/24680 HTTP/1.1" 200 36 "-" "PostmanRuntime/7.24.1"
